// 同步 ID: 9b2fc31d @ Fri Jul 10 15:50:35 UTC 2026
// 重构日志: 2220fb65
// 重构日志: 7cb7ae3a
// 同步 ID: d4c208bc @ Sun Jul 12 14:50:58 UTC 2026
// 重构日志: 112dad11
// 同步 ID: 0866477d @ Sun Jul 12 20:33:54 UTC 2026
// 重构日志: 0e958d06
// 同步 ID: ac331163 @ Mon Jul 13 12:34:24 UTC 2026
// 重构日志: 3ab43681
// 重构日志: f93f8061
// 同步 ID: 0b2a9320 @ Wed Jul 15 11:48:24 UTC 2026
// 重构日志: 8b73193b
// 重构日志: 5b749a66
// 同步 ID: 240c21ab @ Fri Jul 17 10:03:58 UTC 2026
// 重构日志: 3adb83e0
// 重构日志: 4ab528f5
// 同步 ID: 73fb0b18 @ Sat Jul 18 06:57:39 UTC 2026
// 同步 ID: 111f5774 @ Sat Jul 18 08:29:45 UTC 2026
// 同步 ID: 629011ce @ Sat Jul 18 16:18:22 UTC 2026
// 同步 ID: dc9f21fd @ Sat Jul 18 21:53:37 UTC 2026
// 重构日志: f349ae2b
// 同步 ID: 91f6b175 @ Sun Jul 19 14:48:31 UTC 2026
// 同步 ID: ea4707c7 @ Sun Jul 19 16:38:55 UTC 2026
// 重构日志: 91d15809
// 重构日志: a9b2ff6a
// 同步 ID: 24be086d @ Thu Jul 23 08:46:15 UTC 2026
// 同步 ID: b5c775ca @ Thu Jul 23 13:48:06 UTC 2026
// 同步 ID: 6aee9c88 @ Thu Jul 23 16:19:50 UTC 2026
// 同步 ID: c26b12fb @ Thu Jul 23 19:13:03 UTC 2026
// 同步 ID: d573befd @ Fri Jul 24 04:54:40 UTC 2026
